Line 19: Class MSAdodcLib.Adodc of control Adodc1 was not a loaded control class.
Line 117: Class MSComCtl2.DTPicker of control DTPicker7 was not a loaded control class.
Line 143: Class MSComCtl2.DTPicker of control DTPicker8 was not a loaded control class.
Line 241: Class MSComCtl2.DTPicker of control DTPicker5 was not a loaded control class.
Line 267: Class MSComCtl2.DTPicker of control DTPicker6 was not a loaded control class.
Line 365: Class MSComCtl2.DTPicker of control DTPicker3 was not a loaded control class.
Line 391: Class MSComCtl2.DTPicker of control DTPicker4 was not a loaded control class.
Line 489: Class MSComCtl2.DTPicker of control DTPicker1 was not a loaded control class.
Line 515: Class MSComCtl2.DTPicker of control DTPicker2 was not a loaded control class.
Line 24: The property name _ExtentX in Adodc1 is invalid.
Line 25: The property name _ExtentY in Adodc1 is invalid.
Line 26: The property name ConnectMode in Adodc1 is invalid.
Line 27: The property name CursorLocation in Adodc1 is invalid.
Line 28: The property name IsolationLevel in Adodc1 is invalid.
Line 29: The property name ConnectionTimeout in Adodc1 is invalid.
Line 30: The property name CommandTimeout in Adodc1 is invalid.
Line 31: The property name CursorType in Adodc1 is invalid.
Line 32: The property name LockType in Adodc1 is invalid.
Line 33: The property name CommandType in Adodc1 is invalid.
Line 34: The property name CursorOptions in Adodc1 is invalid.
Line 35: The property name CacheSize in Adodc1 is invalid.
Line 36: The property name MaxRecords in Adodc1 is invalid.
Line 37: The property name BOFAction in Adodc1 is invalid.
Line 38: The property name EOFAction in Adodc1 is invalid.
Line 39: The property name ConnectStringType in Adodc1 is invalid.
Line 43: The property name Orientation in Adodc1 is invalid.
Line 45: The property name Connect in Adodc1 is invalid.
Line 46: The property name OLEDBString in Adodc1 is invalid.
Line 47: The property name OLEDBFile in Adodc1 is invalid.
Line 48: The property name DataSourceName in Adodc1 is invalid.
Line 49: The property name OtherAttributes in Adodc1 is invalid.
Line 50: The property name UserName in Adodc1 is invalid.
Line 51: The property name Password in Adodc1 is invalid.
Line 52: The property name RecordSource in Adodc1 is invalid.
Line 53: The property name Caption in Adodc1 is invalid.
Line 63: The property name _Version in Adodc1 is invalid.
Line 123: The property name _ExtentX in DTPicker7 is invalid.
Line 124: The property name _ExtentY in DTPicker7 is invalid.
Line 125: The property name _Version in DTPicker7 is invalid.
Line 135: The property name CalendarBackColor in DTPicker7 is invalid.
Line 136: The property name CalendarForeColor in DTPicker7 is invalid.
Line 137: The property name CalendarTitleBackColor in DTPicker7 is invalid.
Line 138: The property name CalendarTitleForeColor in DTPicker7 is invalid.
Line 139: The property name CalendarTrailingForeColor in DTPicker7 is invalid.
Line 140: The property name Format in DTPicker7 is invalid.
Line 141: The property name CurrentDate in DTPicker7 is invalid.
Line 149: The property name _ExtentX in DTPicker8 is invalid.
Line 150: The property name _ExtentY in DTPicker8 is invalid.
Line 151: The property name _Version in DTPicker8 is invalid.
Line 161: The property name CalendarBackColor in DTPicker8 is invalid.
Line 162: The property name CalendarForeColor in DTPicker8 is invalid.
Line 163: The property name CalendarTitleBackColor in DTPicker8 is invalid.
Line 164: The property name CalendarTitleForeColor in DTPicker8 is invalid.
Line 165: The property name CalendarTrailingForeColor in DTPicker8 is invalid.
Line 166: The property name Format in DTPicker8 is invalid.
Line 167: The property name CurrentDate in DTPicker8 is invalid.
Line 247: The property name _ExtentX in DTPicker5 is invalid.
Line 248: The property name _ExtentY in DTPicker5 is invalid.
Line 249: The property name _Version in DTPicker5 is invalid.
Line 259: The property name CalendarBackColor in DTPicker5 is invalid.
Line 260: The property name CalendarForeColor in DTPicker5 is invalid.
Line 261: The property name CalendarTitleBackColor in DTPicker5 is invalid.
Line 262: The property name CalendarTitleForeColor in DTPicker5 is invalid.
Line 263: The property name CalendarTrailingForeColor in DTPicker5 is invalid.
Line 264: The property name Format in DTPicker5 is invalid.
Line 265: The property name CurrentDate in DTPicker5 is invalid.
Line 273: The property name _ExtentX in DTPicker6 is invalid.
Line 274: The property name _ExtentY in DTPicker6 is invalid.
Line 275: The property name _Version in DTPicker6 is invalid.
Line 285: The property name CalendarBackColor in DTPicker6 is invalid.
Line 286: The property name CalendarForeColor in DTPicker6 is invalid.
Line 287: The property name CalendarTitleBackColor in DTPicker6 is invalid.
Line 288: The property name CalendarTitleForeColor in DTPicker6 is invalid.
Line 289: The property name CalendarTrailingForeColor in DTPicker6 is invalid.
Line 290: The property name Format in DTPicker6 is invalid.
Line 291: The property name CurrentDate in DTPicker6 is invalid.
Line 371: The property name _ExtentX in DTPicker3 is invalid.
Line 372: The property name _ExtentY in DTPicker3 is invalid.
Line 373: The property name _Version in DTPicker3 is invalid.
Line 383: The property name CalendarBackColor in DTPicker3 is invalid.
Line 384: The property name CalendarForeColor in DTPicker3 is invalid.
Line 385: The property name CalendarTitleBackColor in DTPicker3 is invalid.
Line 386: The property name CalendarTitleForeColor in DTPicker3 is invalid.
Line 387: The property name CalendarTrailingForeColor in DTPicker3 is invalid.
Line 388: The property name Format in DTPicker3 is invalid.
Line 389: The property name CurrentDate in DTPicker3 is invalid.
Line 397: The property name _ExtentX in DTPicker4 is invalid.
Line 398: The property name _ExtentY in DTPicker4 is invalid.
Line 399: The property name _Version in DTPicker4 is invalid.
Line 409: The property name CalendarBackColor in DTPicker4 is invalid.
Line 410: The property name CalendarForeColor in DTPicker4 is invalid.
Line 411: The property name CalendarTitleBackColor in DTPicker4 is invalid.
Line 412: The property name CalendarTitleForeColor in DTPicker4 is invalid.
Line 413: The property name CalendarTrailingForeColor in DTPicker4 is invalid.
Line 414: The property name Format in DTPicker4 is invalid.
Line 415: The property name CurrentDate in DTPicker4 is invalid.
Line 495: The property name _ExtentX in DTPicker1 is invalid.
Line 496: The property name _ExtentY in DTPicker1 is invalid.
Line 497: The property name _Version in DTPicker1 is invalid.
Line 507: The property name CalendarBackColor in DTPicker1 is invalid.
Line 508: The property name CalendarForeColor in DTPicker1 is invalid.
Line 509: The property name CalendarTitleBackColor in DTPicker1 is invalid.
Line 510: The property name CalendarTitleForeColor in DTPicker1 is invalid.
Line 511: The property name CalendarTrailingForeColor in DTPicker1 is invalid.
Line 512: The property name Format in DTPicker1 is invalid.
Line 513: The property name CurrentDate in DTPicker1 is invalid.
Line 521: The property name _ExtentX in DTPicker2 is invalid.
Line 522: The property name _ExtentY in DTPicker2 is invalid.
Line 523: The property name _Version in DTPicker2 is invalid.
Line 533: The property name CalendarBackColor in DTPicker2 is invalid.
Line 534: The property name CalendarForeColor in DTPicker2 is invalid.
Line 535: The property name CalendarTitleBackColor in DTPicker2 is invalid.
Line 536: The property name CalendarTitleForeColor in DTPicker2 is invalid.
Line 537: The property name CalendarTrailingForeColor in DTPicker2 is invalid.
Line 538: The property name Format in DTPicker2 is invalid.
Line 539: The property name CurrentDate in DTPicker2 is invalid.
